<?xml version="1.0" encoding="UTF-8"?>
<testng-results skipped="1" failed="0" ignored="5" total="6" passed="0">
  <reporter-output>
  </reporter-output>
  <suite name="Default suite" duration-ms="4677" started-at="2019-12-03T12:01:24Z" finished-at="2019-12-03T12:01:28Z">
    <groups>
    </groups>
    <test name="Default test" duration-ms="4677" started-at="2019-12-03T12:01:24Z" finished-at="2019-12-03T12:01:28Z">
      <class name="com.qa.tests.HomePageTest">
        <test-method status="FAIL" signature="setUp()[pri:0, instance:com.qa.tests.HomePageTest@5442a311]" name="setUp" is-config="true" duration-ms="4602" started-at="2019-12-03T12:01:24Z" finished-at="2019-12-03T12:01:28Z">
          <exception class="org.openqa.selenium.SessionNotCreatedException">
            <message>
              <![CDATA[session not created: This version of ChromeDriver only supports Chrome version 75
Build info: version: '3.14.0', revision: 'aacccce0', time: '2018-08-02T20:19:58.91Z'
System info: host: 'HIBAIL55565', ip: '10.91.36.235', os.name: 'Windows 7', os.arch: 'amd64', os.version: '6.1', java.version: '1.8.0_92'
Driver info: driver.version: ChromeDriver
remote stacktrace: Backtrace:
Ordinal0 [0x014B1B43+1448771]
Ordinal0 [0x01435A31+940593]
Ordinal0 [0x013C2293+467603]
Ordinal0 [0x0135F27E+62078]
Ordinal0 [0x0135BBBD+48061]
Ordinal0 [0x01378D09+167177]
Ordinal0 [0x013788DD+166109]
Ordinal0 [0x01376FEB+159723]
Ordinal0 [0x013609F6+68086]
Ordinal0 [0x01361990+72080]
Ordinal0 [0x01361929+71977]
GetHandleVerifier [0x015F2E8C+1172172]
GetHandleVerifier [0x0154FE55+504469]
GetHandleVerifier [0x0154FBF0+503856]
Ordinal0 [0x014BC9C8+1493448]
GetHandleVerifier [0x0155062A+506474]
Ordinal0 [0x01447156+1012054]
Ordinal0 [0x01446FCF+1011663]
Ordinal0 [0x0145135B+1053531]
Ordinal0 [0x014514C3+1053891]
Ordinal0 [0x014504F5+1049845]
BaseThreadInitThunk [0x762F343D+18]
RtlInitializeExceptionChain [0x77699802+99]
RtlInitializeExceptionChain [0x776997D5+54]
]]>
            </message>
            <full-stacktrace>
              <![CDATA[org.openqa.selenium.SessionNotCreatedException: session not created: This version of ChromeDriver only supports Chrome version 75
Build info: version: '3.14.0', revision: 'aacccce0', time: '2018-08-02T20:19:58.91Z'
System info: host: 'HIBAIL55565', ip: '10.91.36.235', os.name: 'Windows 7', os.arch: 'amd64', os.version: '6.1', java.version: '1.8.0_92'
Driver info: driver.version: ChromeDriver
remote stacktrace: Backtrace:
Ordinal0 [0x014B1B43+1448771]
Ordinal0 [0x01435A31+940593]
Ordinal0 [0x013C2293+467603]
Ordinal0 [0x0135F27E+62078]
Ordinal0 [0x0135BBBD+48061]
Ordinal0 [0x01378D09+167177]
Ordinal0 [0x013788DD+166109]
Ordinal0 [0x01376FEB+159723]
Ordinal0 [0x013609F6+68086]
Ordinal0 [0x01361990+72080]
Ordinal0 [0x01361929+71977]
GetHandleVerifier [0x015F2E8C+1172172]
GetHandleVerifier [0x0154FE55+504469]
GetHandleVerifier [0x0154FBF0+503856]
Ordinal0 [0x014BC9C8+1493448]
GetHandleVerifier [0x0155062A+506474]
Ordinal0 [0x01447156+1012054]
Ordinal0 [0x01446FCF+1011663]
Ordinal0 [0x0145135B+1053531]
Ordinal0 [0x014514C3+1053891]
Ordinal0 [0x014504F5+1049845]
BaseThreadInitThunk [0x762F343D+18]
RtlInitializeExceptionChain [0x77699802+99]
RtlInitializeExceptionChain [0x776997D5+54]

at sun.reflect.NativeConstructorAccessorImpl.newInstance0(Native Method)
at sun.reflect.NativeConstructorAccessorImpl.newInstance(NativeConstructorAccessorImpl.java:62)
at sun.reflect.DelegatingConstructorAccessorImpl.newInstance(DelegatingConstructorAccessorImpl.java:45)
at java.lang.reflect.Constructor.newInstance(Constructor.java:423)
at org.openqa.selenium.remote.W3CHandshakeResponse.lambda$new$0(W3CHandshakeResponse.java:57)
at org.openqa.selenium.remote.W3CHandshakeResponse.lambda$getResponseFunction$2(W3CHandshakeResponse.java:104)
at org.openqa.selenium.remote.ProtocolHandshake.lambda$createSession$0(ProtocolHandshake.java:122)
at java.util.stream.ReferencePipeline$3$1.accept(ReferencePipeline.java:193)
at java.util.Spliterators$ArraySpliterator.tryAdvance(Spliterators.java:958)
at java.util.stream.ReferencePipeline.forEachWithCancel(ReferencePipeline.java:126)
at java.util.stream.AbstractPipeline.copyIntoWithCancel(AbstractPipeline.java:498)
at java.util.stream.AbstractPipeline.copyInto(AbstractPipeline.java:485)
at java.util.stream.AbstractPipeline.wrapAndCopyInto(AbstractPipeline.java:471)
at java.util.stream.FindOps$FindOp.evaluateSequential(FindOps.java:152)
at java.util.stream.AbstractPipeline.evaluate(AbstractPipeline.java:234)
at java.util.stream.ReferencePipeline.findFirst(ReferencePipeline.java:464)
at org.openqa.selenium.remote.ProtocolHandshake.createSession(ProtocolHandshake.java:125)
at org.openqa.selenium.remote.ProtocolHandshake.createSession(ProtocolHandshake.java:73)
at org.openqa.selenium.remote.HttpCommandExecutor.execute(HttpCommandExecutor.java:136)
at org.openqa.selenium.remote.service.DriverCommandExecutor.execute(DriverCommandExecutor.java:83)
at org.openqa.selenium.remote.RemoteWebDriver.execute(RemoteWebDriver.java:548)
at org.openqa.selenium.remote.RemoteWebDriver.startSession(RemoteWebDriver.java:212)
at org.openqa.selenium.remote.RemoteWebDriver.<init>(RemoteWebDriver.java:130)
at org.openqa.selenium.chrome.ChromeDriver.<init>(ChromeDriver.java:181)
at org.openqa.selenium.chrome.ChromeDriver.<init>(ChromeDriver.java:168)
at org.openqa.selenium.chrome.ChromeDriver.<init>(ChromeDriver.java:123)
at com.qa.basetest.BaseTest.initialization(BaseTest.java:36)
at com.qa.tests.HomePageTest.setUp(HomePageTest.java:26)
at sun.reflect.NativeMethodAccessorImpl.invoke0(Native Method)
at sun.reflect.NativeMethodAccessorImpl.invoke(NativeMethodAccessorImpl.java:62)
at sun.reflect.DelegatingMethodAccessorImpl.invoke(DelegatingMethodAccessorImpl.java:43)
at java.lang.reflect.Method.invoke(Method.java:498)
at org.testng.internal.MethodInvocationHelper.invokeMethod(MethodInvocationHelper.java:124)
at org.testng.internal.MethodInvocationHelper.invokeMethodConsideringTimeout(MethodInvocationHelper.java:59)
at org.testng.internal.Invoker.invokeConfigurationMethod(Invoker.java:458)
at org.testng.internal.Invoker.invokeConfigurations(Invoker.java:222)
at org.testng.internal.Invoker.invokeMethod(Invoker.java:523)
at org.testng.internal.Invoker.invokeTestMethod(Invoker.java:719)
at org.testng.internal.Invoker.invokeTestMethods(Invoker.java:989)
at org.testng.internal.TestMethodWorker.invokeTestMethods(TestMethodWorker.java:125)
at org.testng.internal.TestMethodWorker.run(TestMethodWorker.java:109)
at org.testng.TestRunner.privateRun(TestRunner.java:648)
at org.testng.TestRunner.run(TestRunner.java:505)
at org.testng.SuiteRunner.runTest(SuiteRunner.java:455)
at org.testng.SuiteRunner.runSequentially(SuiteRunner.java:450)
at org.testng.SuiteRunner.privateRun(SuiteRunner.java:415)
at org.testng.SuiteRunner.run(SuiteRunner.java:364)
at org.testng.SuiteRunnerWorker.runSuite(SuiteRunnerWorker.java:52)
at org.testng.SuiteRunnerWorker.run(SuiteRunnerWorker.java:84)
at org.testng.TestNG.runSuitesSequentially(TestNG.java:1208)
at org.testng.TestNG.runSuitesLocally(TestNG.java:1137)
at org.testng.TestNG.runSuites(TestNG.java:1049)
at org.testng.TestNG.run(TestNG.java:1017)
at org.testng.remote.AbstractRemoteTestNG.run(AbstractRemoteTestNG.java:114)
at org.testng.remote.RemoteTestNG.initAndRun(RemoteTestNG.java:251)
at org.testng.remote.RemoteTestNG.main(RemoteTestNG.java:77)
]]>
            </full-stacktrace>
          </exception> <!-- org.openqa.selenium.SessionNotCreatedException -->
          <reporter-output>
          </reporter-output>
        </test-method> <!-- setUp -->
        <test-method status="SKIP" signature="verifyToClickOnNewContactLinkTest()[pri:6, instance:com.qa.tests.HomePageTest@5442a311]" name="verifyToClickOnNewContactLinkTest" duration-ms="0" started-at="2019-12-03T12:01:28Z" finished-at="2019-12-03T12:01:28Z">
          <exception class="org.openqa.selenium.SessionNotCreatedException">
            <message>
              <![CDATA[session not created: This version of ChromeDriver only supports Chrome version 75
Build info: version: '3.14.0', revision: 'aacccce0', time: '2018-08-02T20:19:58.91Z'
System info: host: 'HIBAIL55565', ip: '10.91.36.235', os.name: 'Windows 7', os.arch: 'amd64', os.version: '6.1', java.version: '1.8.0_92'
Driver info: driver.version: ChromeDriver
remote stacktrace: Backtrace:
Ordinal0 [0x014B1B43+1448771]
Ordinal0 [0x01435A31+940593]
Ordinal0 [0x013C2293+467603]
Ordinal0 [0x0135F27E+62078]
Ordinal0 [0x0135BBBD+48061]
Ordinal0 [0x01378D09+167177]
Ordinal0 [0x013788DD+166109]
Ordinal0 [0x01376FEB+159723]
Ordinal0 [0x013609F6+68086]
Ordinal0 [0x01361990+72080]
Ordinal0 [0x01361929+71977]
GetHandleVerifier [0x015F2E8C+1172172]
GetHandleVerifier [0x0154FE55+504469]
GetHandleVerifier [0x0154FBF0+503856]
Ordinal0 [0x014BC9C8+1493448]
GetHandleVerifier [0x0155062A+506474]
Ordinal0 [0x01447156+1012054]
Ordinal0 [0x01446FCF+1011663]
Ordinal0 [0x0145135B+1053531]
Ordinal0 [0x014514C3+1053891]
Ordinal0 [0x014504F5+1049845]
BaseThreadInitThunk [0x762F343D+18]
RtlInitializeExceptionChain [0x77699802+99]
RtlInitializeExceptionChain [0x776997D5+54]
]]>
            </message>
            <full-stacktrace>
              <![CDATA[org.openqa.selenium.SessionNotCreatedException: session not created: This version of ChromeDriver only supports Chrome version 75
Build info: version: '3.14.0', revision: 'aacccce0', time: '2018-08-02T20:19:58.91Z'
System info: host: 'HIBAIL55565', ip: '10.91.36.235', os.name: 'Windows 7', os.arch: 'amd64', os.version: '6.1', java.version: '1.8.0_92'
Driver info: driver.version: ChromeDriver
remote stacktrace: Backtrace:
Ordinal0 [0x014B1B43+1448771]
Ordinal0 [0x01435A31+940593]
Ordinal0 [0x013C2293+467603]
Ordinal0 [0x0135F27E+62078]
Ordinal0 [0x0135BBBD+48061]
Ordinal0 [0x01378D09+167177]
Ordinal0 [0x013788DD+166109]
Ordinal0 [0x01376FEB+159723]
Ordinal0 [0x013609F6+68086]
Ordinal0 [0x01361990+72080]
Ordinal0 [0x01361929+71977]
GetHandleVerifier [0x015F2E8C+1172172]
GetHandleVerifier [0x0154FE55+504469]
GetHandleVerifier [0x0154FBF0+503856]
Ordinal0 [0x014BC9C8+1493448]
GetHandleVerifier [0x0155062A+506474]
Ordinal0 [0x01447156+1012054]
Ordinal0 [0x01446FCF+1011663]
Ordinal0 [0x0145135B+1053531]
Ordinal0 [0x014514C3+1053891]
Ordinal0 [0x014504F5+1049845]
BaseThreadInitThunk [0x762F343D+18]
RtlInitializeExceptionChain [0x77699802+99]
RtlInitializeExceptionChain [0x776997D5+54]

at sun.reflect.NativeConstructorAccessorImpl.newInstance0(Native Method)
at sun.reflect.NativeConstructorAccessorImpl.newInstance(NativeConstructorAccessorImpl.java:62)
at sun.reflect.DelegatingConstructorAccessorImpl.newInstance(DelegatingConstructorAccessorImpl.java:45)
at java.lang.reflect.Constructor.newInstance(Constructor.java:423)
at org.openqa.selenium.remote.W3CHandshakeResponse.lambda$new$0(W3CHandshakeResponse.java:57)
at org.openqa.selenium.remote.W3CHandshakeResponse.lambda$getResponseFunction$2(W3CHandshakeResponse.java:104)
at org.openqa.selenium.remote.ProtocolHandshake.lambda$createSession$0(ProtocolHandshake.java:122)
at java.util.stream.ReferencePipeline$3$1.accept(ReferencePipeline.java:193)
at java.util.Spliterators$ArraySpliterator.tryAdvance(Spliterators.java:958)
at java.util.stream.ReferencePipeline.forEachWithCancel(ReferencePipeline.java:126)
at java.util.stream.AbstractPipeline.copyIntoWithCancel(AbstractPipeline.java:498)
at java.util.stream.AbstractPipeline.copyInto(AbstractPipeline.java:485)
at java.util.stream.AbstractPipeline.wrapAndCopyInto(AbstractPipeline.java:471)
at java.util.stream.FindOps$FindOp.evaluateSequential(FindOps.java:152)
at java.util.stream.AbstractPipeline.evaluate(AbstractPipeline.java:234)
at java.util.stream.ReferencePipeline.findFirst(ReferencePipeline.java:464)
at org.openqa.selenium.remote.ProtocolHandshake.createSession(ProtocolHandshake.java:125)
at org.openqa.selenium.remote.ProtocolHandshake.createSession(ProtocolHandshake.java:73)
at org.openqa.selenium.remote.HttpCommandExecutor.execute(HttpCommandExecutor.java:136)
at org.openqa.selenium.remote.service.DriverCommandExecutor.execute(DriverCommandExecutor.java:83)
at org.openqa.selenium.remote.RemoteWebDriver.execute(RemoteWebDriver.java:548)
at org.openqa.selenium.remote.RemoteWebDriver.startSession(RemoteWebDriver.java:212)
at org.openqa.selenium.remote.RemoteWebDriver.<init>(RemoteWebDriver.java:130)
at org.openqa.selenium.chrome.ChromeDriver.<init>(ChromeDriver.java:181)
at org.openqa.selenium.chrome.ChromeDriver.<init>(ChromeDriver.java:168)
at org.openqa.selenium.chrome.ChromeDriver.<init>(ChromeDriver.java:123)
at com.qa.basetest.BaseTest.initialization(BaseTest.java:36)
at com.qa.tests.HomePageTest.setUp(HomePageTest.java:26)
at sun.reflect.NativeMethodAccessorImpl.invoke0(Native Method)
at sun.reflect.NativeMethodAccessorImpl.invoke(NativeMethodAccessorImpl.java:62)
at sun.reflect.DelegatingMethodAccessorImpl.invoke(DelegatingMethodAccessorImpl.java:43)
at java.lang.reflect.Method.invoke(Method.java:498)
at org.testng.internal.MethodInvocationHelper.invokeMethod(MethodInvocationHelper.java:124)
at org.testng.internal.MethodInvocationHelper.invokeMethodConsideringTimeout(MethodInvocationHelper.java:59)
at org.testng.internal.Invoker.invokeConfigurationMethod(Invoker.java:458)
at org.testng.internal.Invoker.invokeConfigurations(Invoker.java:222)
at org.testng.internal.Invoker.invokeMethod(Invoker.java:523)
at org.testng.internal.Invoker.invokeTestMethod(Invoker.java:719)
at org.testng.internal.Invoker.invokeTestMethods(Invoker.java:989)
at org.testng.internal.TestMethodWorker.invokeTestMethods(TestMethodWorker.java:125)
at org.testng.internal.TestMethodWorker.run(TestMethodWorker.java:109)
at org.testng.TestRunner.privateRun(TestRunner.java:648)
at org.testng.TestRunner.run(TestRunner.java:505)
at org.testng.SuiteRunner.runTest(SuiteRunner.java:455)
at org.testng.SuiteRunner.runSequentially(SuiteRunner.java:450)
at org.testng.SuiteRunner.privateRun(SuiteRunner.java:415)
at org.testng.SuiteRunner.run(SuiteRunner.java:364)
at org.testng.SuiteRunnerWorker.runSuite(SuiteRunnerWorker.java:52)
at org.testng.SuiteRunnerWorker.run(SuiteRunnerWorker.java:84)
at org.testng.TestNG.runSuitesSequentially(TestNG.java:1208)
at org.testng.TestNG.runSuitesLocally(TestNG.java:1137)
at org.testng.TestNG.runSuites(TestNG.java:1049)
at org.testng.TestNG.run(TestNG.java:1017)
at org.testng.remote.AbstractRemoteTestNG.run(AbstractRemoteTestNG.java:114)
at org.testng.remote.RemoteTestNG.initAndRun(RemoteTestNG.java:251)
at org.testng.remote.RemoteTestNG.main(RemoteTestNG.java:77)
]]>
            </full-stacktrace>
          </exception> <!-- org.openqa.selenium.SessionNotCreatedException -->
          <reporter-output>
          </reporter-output>
        </test-method> <!-- verifyToClickOnNewContactLinkTest -->
        <test-method status="SKIP" signature="tearDown()[pri:0, instance:com.qa.tests.HomePageTest@5442a311]" name="tearDown" is-config="true" duration-ms="0" started-at="2019-12-03T12:01:28Z" finished-at="2019-12-03T12:01:28Z">
          <reporter-output>
          </reporter-output>
        </test-method> <!-- tearDown -->
      </class> <!-- com.qa.tests.HomePageTest -->
    </test> <!-- Default test -->
  </suite> <!-- Default suite -->
</testng-results>
